[CMD] gdc-client download -m data\metadata\brca_phase1\brca_wsi_manifest_subset.tsv -d data\raw\gdc\brca_phase1\wsi_subset -n 8
[MANIFEST] data\metadata\brca_phase1\brca_wsi_manifest_subset.tsv
[OUT_DIR] data\raw\gdc\brca_phase1\wsi_subset
[THREADS] 8

  0% [                                                                       ]
  2% [#                                                                      ]
  5% [###                                                                    ]
  7% [#####                                                                  ]
 10% [#######                                                                ]
 12% [#########                                                              ]
 15% [##########                                                             ]
 17% [############                                                           ]
 20% [##############                                                         ]
 22% [################                                                       ]
 25% [##################                                                     ]
 27% [###################                                                    ]
 30% [#####################                                                  ]
 32% [#######################                                                ]
 35% [#########################                                              ]
 37% [##########################                                             ]
 40% [############################                                           ]
 43% [##############################                                         ]
 45% [################################                                       ]
 48% [##################################                                     ]
 50% [###################################                                    ]
 53% [#####################################                                  ]
 55% [#######################################                                ]
 58% [#########################################                              ]
 60% [###########################################                            ]
 63% [############################################                           ]
 65% [##############################################                         ]
 68% [################################################                       ]
 70% [##################################################                     ]
 73% [####################################################                   ]
 75% [#####################################################                  ]
 78% [#######################################################                ]
 81% [#########################################################              ]
 83% [###########################################################            ]
 86% [#############################################################          ]
 88% [##############################################################         ]
 91% [################################################################       ]
 93% [##################################################################     ]
 96% [####################################################################   ]
 98% [###################################################################### ]
100% [#######################################################################]
  0% [                                              ] ETA:  --:--:--   0.0 s/B
 99% [########################################### ] ETA:   0:00:00 692.9 MiB/s
 99% [########################################### ] ETA:   0:00:00 639.4 MiB/s
 99% [########################################### ] ETA:   0:00:00 592.6 MiB/s
 99% [########################################### ] ETA:   0:00:00 557.1 MiB/s
 99% [########################################### ] ETA:   0:00:00 521.9 MiB/s
 99% [########################################### ] ETA:   0:00:00 491.9 MiB/s
100% [############################################] ETA:  00:00:00 345.7 MiB/s
100% [############################################] Time:  0:00:03 331.0 MiB/s
  0% [                                                                       ]
  1% [                                                                       ]
  2% [#                                                                      ]
  3% [##                                                                     ]
  5% [###                                                                    ]
  6% [####                                                                   ]
  7% [#####                                                                  ]
  8% [######                                                                 ]
 11% [########                                                               ]
 13% [#########                                                              ]
 15% [##########                                                             ]
 16% [###########                                                            ]
 19% [#############                                                          ]
 21% [###############                                                        ]
 22% [################                                                       ]
 24% [#################                                                      ]
 25% [#################                                                      ]
 27% [###################                                                    ]
 29% [####################                                                   ]
 30% [#####################                                                  ]
 32% [#######################                                                ]
 34% [########################                                               ]
 36% [##########################                                             ]
 38% [##########################                                             ]
 40% [############################                                           ]
 43% [##############################                                         ]
 44% [###############################                                        ]
 45% [################################                                       ]
 46% [#################################                                      ]
 48% [##################################                                     ]
 49% [###################################                                    ]
 51% [####################################                                   ]
 53% [#####################################                                  ]
 55% [#######################################                                ]
 58% [#########################################                              ]
 60% [###########################################                            ]
 62% [############################################                           ]
 64% [#############################################                          ]
 67% [###############################################                        ]
 68% [################################################                       ]
 70% [##################################################                     ]
 72% [###################################################                    ]
 73% [####################################################                   ]
 74% [#####################################################                  ]
 76% [#####################################################                  ]
 77% [######################################################                 ]
 79% [########################################################               ]
 81% [#########################################################              ]
 83% [###########################################################            ]
 84% [############################################################           ]
 86% [#############################################################          ]
 88% [##############################################################         ]
 89% [###############################################################        ]
 91% [################################################################       ]
 92% [#################################################################      ]
 95% [###################################################################    ]
 96% [####################################################################   ]
 98% [###################################################################### ]
100% [#######################################################################]
100% [#######################################################################]
  0% [                                              ] ETA:  --:--:--   0.0 s/B
 97% [##########################################  ] ETA:   0:00:00 253.2 MiB/s
 97% [##########################################  ] ETA:   0:00:00 213.6 MiB/s
 97% [##########################################  ] ETA:   0:00:00 183.4 MiB/s
 97% [##########################################  ] ETA:   0:00:00 174.1 MiB/s
 97% [##########################################  ] ETA:   0:00:00 159.0 MiB/s
 97% [########################################### ] ETA:   0:00:00 154.5 MiB/s
 97% [########################################### ] ETA:   0:00:00 119.1 MiB/s
 97% [########################################### ] ETA:   0:00:00 111.5 MiB/s
 98% [########################################### ] ETA:   0:00:00 106.0 MiB/s
 98% [########################################### ] ETA:   0:00:00  99.5 MiB/s
 98% [########################################### ] ETA:   0:00:00  96.4 MiB/s
 98% [########################################### ] ETA:   0:00:00  95.0 MiB/s
 98% [########################################### ] ETA:   0:00:00  89.9 MiB/s
 98% [########################################### ] ETA:   0:00:00  85.9 MiB/s
 98% [########################################### ] ETA:   0:00:00  81.9 MiB/s
 98% [########################################### ] ETA:   0:00:00  79.4 MiB/s
 99% [########################################### ] ETA:   0:00:00  74.2 MiB/s
 99% [########################################### ] ETA:   0:00:00  70.0 MiB/s
 99% [########################################### ] ETA:   0:00:00  66.9 MiB/s
 99% [########################################### ] ETA:   0:00:00  66.3 MiB/s
 99% [########################################### ] ETA:   0:00:00  60.3 MiB/s
 99% [########################################### ] ETA:   0:00:00  56.9 MiB/s
100% [############################################] Time:  0:00:24  42.9 MiB/s
  0% [                                                                       ]
  2% [#                                                                      ]
  5% [###                                                                    ]
  6% [####                                                                   ]
  8% [######                                                                 ]
 10% [#######                                                                ]
 12% [#########                                                              ]
 15% [##########                                                             ]
 16% [###########                                                            ]
 17% [############                                                           ]
 19% [#############                                                          ]
 20% [##############                                                         ]
 21% [###############                                                        ]
 22% [################                                                       ]
 25% [##################                                                     ]
 27% [###################                                                    ]
 30% [#####################                                                  ]
 33% [#######################                                                ]
 35% [#########################                                              ]
 37% [##########################                                             ]
 39% [###########################                                            ]
 40% [############################                                           ]
 41% [#############################                                          ]
 43% [##############################                                         ]
 44% [###############################                                        ]
 45% [################################                                       ]
 48% [##################################                                     ]
 49% [###################################                                    ]
 51% [####################################                                   ]
 54% [######################################                                 ]
 57% [########################################                               ]
 59% [##########################################                             ]
 62% [############################################                           ]
 64% [#############################################                          ]
 65% [##############################################                         ]
 67% [###############################################                        ]
 68% [################################################                       ]
 70% [##################################################                     ]
 73% [####################################################                   ]
 75% [#####################################################                  ]
 78% [#######################################################                ]
 81% [#########################################################              ]
 83% [###########################################################            ]
 84% [############################################################           ]
 86% [#############################################################          ]
 87% [##############################################################         ]
 88% [##############################################################         ]
 91% [################################################################       ]
 92% [#################################################################      ]
 95% [###################################################################    ]
 97% [#####################################################################  ]
100% [#######################################################################]
100% [#######################################################################]
  0% [                                              ] ETA:  --:--:--   0.0 s/B
 60% [##########################                  ] ETA:   0:00:02 292.6 MiB/s
 60% [##########################                  ] ETA:   0:00:03 200.0 MiB/s
 60% [##########################                  ] ETA:   0:00:03 179.7 MiB/s
 60% [##########################                  ] ETA:   0:00:03 175.1 MiB/s
 60% [##########################                  ] ETA:   0:00:04 146.4 MiB/s
 60% [##########################                  ] ETA:   0:00:04 136.4 MiB/s
 60% [##########################                  ] ETA:   0:00:05 123.8 MiB/s
 60% [##########################                  ] ETA:   0:00:05 114.9 MiB/s
 61% [##########################                  ] ETA:   0:00:05 112.6 MiB/s
 61% [##########################                  ] ETA:   0:00:06 108.6 MiB/s
 61% [##########################                  ] ETA:   0:00:06  97.7 MiB/s
 61% [##########################                  ] ETA:   0:00:07  88.6 MiB/s
 61% [###########################                 ] ETA:   0:00:07  87.4 MiB/s
 61% [###########################                 ] ETA:   0:00:07  86.3 MiB/s
 61% [###########################                 ] ETA:   0:00:07  82.5 MiB/s
 61% [###########################                 ] ETA:   0:00:08  80.1 MiB/s
 61% [###########################                 ] ETA:   0:00:08  75.4 MiB/s
 61% [###########################                 ] ETA:   0:00:08  73.8 MiB/s
 61% [###########################                 ] ETA:   0:00:09  68.6 MiB/s
 61% [###########################                 ] ETA:   0:00:09  66.0 MiB/s
 61% [###########################                 ] ETA:   0:00:10  63.7 MiB/s
 61% [###########################                 ] ETA:   0:00:10  62.5 MiB/s
 62% [###########################                 ] ETA:   0:00:10  61.2 MiB/s
 62% [###########################                 ] ETA:   0:00:10  60.5 MiB/s
 62% [###########################                 ] ETA:   0:00:10  58.8 MiB/s
 62% [###########################                 ] ETA:   0:00:11  57.0 MiB/s
 62% [###########################                 ] ETA:   0:00:12  52.4 MiB/s
 62% [###########################                 ] ETA:   0:00:12  51.9 MiB/s
 62% [###########################                 ] ETA:   0:00:12  51.0 MiB/s
 62% [###########################                 ] ETA:   0:00:12  49.9 MiB/s
 62% [###########################                 ] ETA:   0:00:12  49.4 MiB/s
 62% [###########################                 ] ETA:   0:00:13  46.5 MiB/s
 62% [###########################                 ] ETA:   0:00:14  45.1 MiB/s
 62% [###########################                 ] ETA:   0:00:14  44.1 MiB/s
 62% [###########################                 ] ETA:   0:00:14  43.9 MiB/s
 62% [###########################                 ] ETA:   0:00:14  43.8 MiB/s
 62% [###########################                 ] ETA:   0:00:14  43.6 MiB/s
 63% [###########################                 ] ETA:   0:00:14  42.4 MiB/s
 63% [###########################                 ] ETA:   0:00:15  39.8 MiB/s
 63% [###########################                 ] ETA:   0:00:16  38.5 MiB/s
 63% [###########################                 ] ETA:   0:00:16  38.0 MiB/s
 63% [###########################                 ] ETA:   0:00:16  37.1 MiB/s
 63% [###########################                 ] ETA:   0:00:17  35.0 MiB/s
 63% [###########################                 ] ETA:   0:00:17  34.9 MiB/s
 63% [###########################                 ] ETA:   0:00:17  34.5 MiB/s
 63% [############################                ] ETA:   0:00:18  33.7 MiB/s
 63% [############################                ] ETA:   0:00:18  33.4 MiB/s
 63% [############################                ] ETA:   0:00:18  33.0 MiB/s
 63% [############################                ] ETA:   0:00:18  33.0 MiB/s
 63% [############################                ] ETA:   0:00:18  32.5 MiB/s
 63% [############################                ] ETA:   0:00:19  31.0 MiB/s
 64% [############################                ] ETA:   0:00:19  31.0 MiB/s
 64% [############################                ] ETA:   0:00:19  30.7 MiB/s
 64% [############################                ] ETA:   0:00:20  30.2 MiB/s
 64% [############################                ] ETA:   0:00:20  29.3 MiB/s
 64% [############################                ] ETA:   0:00:20  28.7 MiB/s
 64% [############################                ] ETA:   0:00:21  28.4 MiB/s
 64% [############################                ] ETA:   0:00:21  28.3 MiB/s
 64% [############################                ] ETA:   0:00:21  28.2 MiB/s
 64% [############################                ] ETA:   0:00:21  28.0 MiB/s
 64% [############################                ] ETA:   0:00:21  27.7 MiB/s
 64% [############################                ] ETA:   0:00:21  27.2 MiB/s
 64% [############################                ] ETA:   0:00:22  26.8 MiB/s
 64% [############################                ] ETA:   0:00:22  25.9 MiB/s
 65% [############################                ] ETA:   0:00:23  25.6 MiB/s
 65% [############################                ] ETA:   0:00:23  25.2 MiB/s
 65% [############################                ] ETA:   0:00:23  24.9 MiB/s
 65% [############################                ] ETA:   0:00:23  24.9 MiB/s
 65% [############################                ] ETA:   0:00:24  24.4 MiB/s
 65% [############################                ] ETA:   0:00:24  24.1 MiB/s
 65% [############################                ] ETA:   0:00:24  23.6 MiB/s
 65% [############################                ] ETA:   0:00:24  23.4 MiB/s
 65% [############################                ] ETA:   0:00:24  23.3 MiB/s
 65% [############################                ] ETA:   0:00:25  23.0 MiB/s
 65% [############################                ] ETA:   0:00:25  22.7 MiB/s
 65% [############################                ] ETA:   0:00:25  22.4 MiB/s
 65% [############################                ] ETA:   0:00:26  22.2 MiB/s
 66% [#############################               ] ETA:   0:00:26  21.7 MiB/s
 66% [#############################               ] ETA:   0:00:26  21.6 MiB/s
 66% [#############################               ] ETA:   0:00:26  21.5 MiB/s
 66% [#############################               ] ETA:   0:00:26  21.3 MiB/s
 66% [#############################               ] ETA:   0:00:26  21.3 MiB/s
 66% [#############################               ] ETA:   0:00:26  21.2 MiB/s
 66% [#############################               ] ETA:   0:00:26  21.2 MiB/s
 66% [#############################               ] ETA:   0:00:27  20.8 MiB/s
 66% [#############################               ] ETA:   0:00:27  20.4 MiB/s
 66% [#############################               ] ETA:   0:00:27  20.3 MiB/s
 66% [#############################               ] ETA:   0:00:28  20.2 MiB/s
 66% [#############################               ] ETA:   0:00:28  19.9 MiB/s
 66% [#############################               ] ETA:   0:00:28  19.9 MiB/s
 66% [#############################               ] ETA:   0:00:28  19.8 MiB/s
 66% [#############################               ] ETA:   0:00:29  19.3 MiB/s
 67% [#############################               ] ETA:   0:00:28  19.3 MiB/s
 67% [#############################               ] ETA:   0:00:28  19.2 MiB/s
 67% [#############################               ] ETA:   0:00:29  19.1 MiB/s
 67% [#############################               ] ETA:   0:00:29  19.0 MiB/s
 67% [#############################               ] ETA:   0:00:29  18.7 MiB/s
 67% [#############################               ] ETA:   0:00:29  18.6 MiB/s
 67% [#############################               ] ETA:   0:00:29  18.5 MiB/s
 67% [#############################               ] ETA:   0:00:29  18.4 MiB/s
 67% [#############################               ] ETA:   0:00:30  18.3 MiB/s
 67% [#############################               ] ETA:   0:00:30  18.1 MiB/s
 67% [#############################               ] ETA:   0:00:30  17.9 MiB/s
 67% [#############################               ] ETA:   0:00:30  17.8 MiB/s
 67% [#############################               ] ETA:   0:00:30  17.7 MiB/s
 67% [#############################               ] ETA:   0:00:30  17.6 MiB/s
 68% [#############################               ] ETA:   0:00:30  17.5 MiB/s
 68% [#############################               ] ETA:   0:00:31  17.3 MiB/s
 68% [#############################               ] ETA:   0:00:31  17.1 MiB/s
 68% [##############################              ] ETA:   0:00:32  16.8 MiB/s
 68% [##############################              ] ETA:   0:00:32  16.6 MiB/s
 68% [##############################              ] ETA:   0:00:32  16.6 MiB/s
 68% [##############################              ] ETA:   0:00:32  16.5 MiB/s
 68% [##############################              ] ETA:   0:00:32  16.5 MiB/s
 68% [##############################              ] ETA:   0:00:32  16.5 MiB/s
 68% [##############################              ] ETA:   0:00:32  16.4 MiB/s
 68% [##############################              ] ETA:   0:00:32  16.4 MiB/s
 68% [##############################              ] ETA:   0:00:32  16.2 MiB/s
 68% [##############################              ] ETA:   0:00:32  16.1 MiB/s
 68% [##############################              ] ETA:   0:00:33  16.0 MiB/s
 68% [##############################              ] ETA:   0:00:32  16.0 MiB/s
 68% [##############################              ] ETA:   0:00:32  16.0 MiB/s
 69% [##############################              ] ETA:   0:00:33  15.8 MiB/s
 69% [##############################              ] ETA:   0:00:33  15.4 MiB/s
 69% [##############################              ] ETA:   0:00:34  15.4 MiB/s
 69% [##############################              ] ETA:   0:00:33  15.4 MiB/s
 69% [##############################              ] ETA:   0:00:33  15.3 MiB/s
 69% [##############################              ] ETA:   0:00:34  15.2 MiB/s
 69% [##############################              ] ETA:   0:00:34  15.0 MiB/s
 69% [##############################              ] ETA:   0:00:34  15.0 MiB/s
 69% [##############################              ] ETA:   0:00:34  15.0 MiB/s
 69% [##############################              ] ETA:   0:00:35  14.6 MiB/s
 69% [##############################              ] ETA:   0:00:35  14.6 MiB/s
 69% [##############################              ] ETA:   0:00:35  14.5 MiB/s
 69% [##############################              ] ETA:   0:00:35  14.3 MiB/s
 70% [##############################              ] ETA:   0:00:35  14.3 MiB/s
 70% [##############################              ] ETA:   0:00:36  14.0 MiB/s
 70% [##############################              ] ETA:   0:00:36  13.8 MiB/s
 70% [##############################              ] ETA:   0:00:36  13.8 MiB/s
 70% [##############################              ] ETA:   0:00:36  13.8 MiB/s
 70% [##############################              ] ETA:   0:00:36  13.8 MiB/s
 70% [##############################              ] ETA:   0:00:36  13.7 MiB/s
 70% [###############################             ] ETA:   0:00:36  13.6 MiB/s
 70% [###############################             ] ETA:   0:00:36  13.5 MiB/s
 70% [###############################             ] ETA:   0:00:36  13.5 MiB/s
 70% [###############################             ] ETA:   0:00:37  13.4 MiB/s
 70% [###############################             ] ETA:   0:00:37  13.4 MiB/s
 70% [###############################             ] ETA:   0:00:37  13.3 MiB/s
 70% [###############################             ] ETA:   0:00:37  13.2 MiB/s
 70% [###############################             ] ETA:   0:00:37  13.1 MiB/s
 71% [###############################             ] ETA:   0:00:37  13.1 MiB/s
 71% [###############################             ] ETA:   0:00:37  13.0 MiB/s
 71% [###############################             ] ETA:   0:00:37  13.0 MiB/s
 71% [###############################             ] ETA:   0:00:37  12.9 MiB/s
 71% [###############################             ] ETA:   0:00:38  12.7 MiB/s
 71% [###############################             ] ETA:   0:00:38  12.7 MiB/s
 71% [###############################             ] ETA:   0:00:38  12.6 MiB/s
 71% [###############################             ] ETA:   0:00:38  12.5 MiB/s
 71% [###############################             ] ETA:   0:00:38  12.5 MiB/s
 71% [###############################             ] ETA:   0:00:39  12.3 MiB/s
 71% [###############################             ] ETA:   0:00:39  12.3 MiB/s
 71% [###############################             ] ETA:   0:00:39  12.2 MiB/s
 71% [###############################             ] ETA:   0:00:39  12.2 MiB/s
 71% [###############################             ] ETA:   0:00:39  12.0 MiB/s
 71% [###############################             ] ETA:   0:00:39  11.9 MiB/s
 72% [###############################             ] ETA:   0:00:39  11.9 MiB/s
 72% [###############################             ] ETA:   0:00:39  11.9 MiB/s
 72% [###############################             ] ETA:   0:00:39  11.9 MiB/s
 72% [###############################             ] ETA:   0:00:39  11.8 MiB/s
 72% [###############################             ] ETA:   0:00:39  11.8 MiB/s
 72% [###############################             ] ETA:   0:00:40  11.6 MiB/s
 72% [###############################             ] ETA:   0:00:40  11.6 MiB/s
 72% [###############################             ] ETA:   0:00:40  11.6 MiB/s
 72% [###############################             ] ETA:   0:00:40  11.5 MiB/s
 72% [###############################             ] ETA:   0:00:40  11.5 MiB/s
 72% [################################            ] ETA:   0:00:40  11.5 MiB/s
 72% [################################            ] ETA:   0:00:40  11.3 MiB/s
 72% [################################            ] ETA:   0:00:40  11.3 MiB/s
 72% [################################            ] ETA:   0:00:40  11.3 MiB/s
 73% [################################            ] ETA:   0:00:40  11.3 MiB/s
 73% [################################            ] ETA:   0:00:40  11.2 MiB/s
 73% [################################            ] ETA:   0:00:41  11.1 MiB/s
 73% [################################            ] ETA:   0:00:40  11.1 MiB/s
 73% [################################            ] ETA:   0:00:40  11.1 MiB/s
 73% [################################            ] ETA:   0:00:41  10.9 MiB/s
 73% [################################            ] ETA:   0:00:41  10.9 MiB/s
 73% [################################            ] ETA:   0:00:41  10.9 MiB/s
 73% [################################            ] ETA:   0:00:41  10.8 MiB/s
 73% [################################            ] ETA:   0:00:41  10.8 MiB/s
 73% [################################            ] ETA:   0:00:41  10.7 MiB/s
 73% [################################            ] ETA:   0:00:41  10.7 MiB/s
 73% [################################            ] ETA:   0:00:41  10.6 MiB/s
 73% [################################            ] ETA:   0:00:41  10.6 MiB/s
 73% [################################            ] ETA:   0:00:41  10.6 MiB/s
 74% [################################            ] ETA:   0:00:41  10.6 MiB/s
 74% [################################            ] ETA:   0:00:41  10.5 MiB/s
 74% [################################            ] ETA:   0:00:41  10.5 MiB/s
 74% [################################            ] ETA:   0:00:42  10.4 MiB/s
 74% [################################            ] ETA:   0:00:42  10.3 MiB/s
 74% [################################            ] ETA:   0:00:42  10.3 MiB/s
 74% [################################            ] ETA:   0:00:42  10.3 MiB/s
 74% [################################            ] ETA:   0:00:42  10.2 MiB/s
 74% [################################            ] ETA:   0:00:42  10.2 MiB/s
 74% [################################            ] ETA:   0:00:42  10.2 MiB/s
 74% [################################            ] ETA:   0:00:42  10.2 MiB/s
 74% [################################            ] ETA:   0:00:42  10.1 MiB/s
 74% [################################            ] ETA:   0:00:42  10.0 MiB/s
 74% [################################            ] ETA:   0:00:42  10.0 MiB/s
 74% [################################            ] ETA:   0:00:42  10.0 MiB/s
 75% [#################################           ] ETA:   0:00:42   9.9 MiB/s
 75% [#################################           ] ETA:   0:00:42   9.9 MiB/s
 75% [#################################           ] ETA:   0:00:42   9.9 MiB/s
 75% [#################################           ] ETA:   0:00:43   9.8 MiB/s
 75% [#################################           ] ETA:   0:00:43   9.7 MiB/s
 75% [#################################           ] ETA:   0:00:42   9.7 MiB/s
 75% [#################################           ] ETA:   0:00:42   9.7 MiB/s
 75% [#################################           ] ETA:   0:00:42   9.6 MiB/s
 75% [#################################           ] ETA:   0:00:43   9.6 MiB/s
 75% [#################################           ] ETA:   0:00:42   9.6 MiB/s
 75% [#################################           ] ETA:   0:00:42   9.5 MiB/s
 75% [#################################           ] ETA:   0:00:42   9.5 MiB/s
 75% [#################################           ] ETA:   0:00:43   9.5 MiB/s
 75% [#################################           ] ETA:   0:00:43   9.5 MiB/s
 76% [#################################           ] ETA:   0:00:43   9.4 MiB/s
 76% [#################################           ] ETA:   0:00:43   9.4 MiB/s
 76% [#################################           ] ETA:   0:00:43   9.4 MiB/s
 76% [#################################           ] ETA:   0:00:43   9.3 MiB/s
 76% [#################################           ] ETA:   0:00:43   9.3 MiB/s
 76% [#################################           ] ETA:   0:00:43   9.3 MiB/s
 76% [#################################           ] ETA:   0:00:43   9.2 MiB/s
 76% [#################################           ] ETA:   0:00:43   9.1 MiB/s
 76% [#################################           ] ETA:   0:00:43   9.1 MiB/s
 76% [#################################           ] ETA:   0:00:43   9.1 MiB/s
 76% [#################################           ] ETA:   0:00:43   9.1 MiB/s
 76% [#################################           ] ETA:   0:00:43   9.0 MiB/s
 76% [#################################           ] ETA:   0:00:43   9.0 MiB/s
 76% [#################################           ] ETA:   0:00:43   8.9 MiB/s
 77% [#################################           ] ETA:   0:00:44   8.8 MiB/s
 77% [#################################           ] ETA:   0:00:43   8.8 MiB/s
 77% [#################################           ] ETA:   0:00:43   8.8 MiB/s
 77% [#################################           ] ETA:   0:00:43   8.8 MiB/s
 77% [##################################          ] ETA:   0:00:43   8.8 MiB/s
 77% [##################################          ] ETA:   0:00:43   8.8 MiB/s
 77% [##################################          ] ETA:   0:00:44   8.7 MiB/s
 77% [##################################          ] ETA:   0:00:43   8.7 MiB/s
 77% [##################################          ] ETA:   0:00:43   8.7 MiB/s
 77% [##################################          ] ETA:   0:00:43   8.6 MiB/s
 77% [##################################          ] ETA:   0:00:43   8.6 MiB/s
 77% [##################################          ] ETA:   0:00:43   8.6 MiB/s
 77% [##################################          ] ETA:   0:00:43   8.6 MiB/s
 77% [##################################          ] ETA:   0:00:43   8.6 MiB/s
 78% [##################################          ] ETA:   0:00:43   8.5 MiB/s
 78% [##################################          ] ETA:   0:00:43   8.5 MiB/s
 78% [##################################          ] ETA:   0:00:43   8.5 MiB/s
 78% [##################################          ] ETA:   0:00:43   8.5 MiB/s
 78% [##################################          ] ETA:   0:00:43   8.4 MiB/s
 78% [##################################          ] ETA:   0:00:43   8.4 MiB/s
 78% [##################################          ] ETA:   0:00:43   8.4 MiB/s
 78% [##################################          ] ETA:   0:00:43   8.4 MiB/s
 78% [##################################          ] ETA:   0:00:43   8.4 MiB/s
 78% [##################################          ] ETA:   0:00:43   8.3 MiB/s
 78% [##################################          ] ETA:   0:00:43   8.3 MiB/s
 78% [##################################          ] ETA:   0:00:43   8.3 MiB/s
 78% [##################################          ] ETA:   0:00:43   8.3 MiB/s
 78% [##################################          ] ETA:   0:00:43   8.2 MiB/s
 78% [##################################          ] ETA:   0:00:43   8.2 MiB/s
 79% [##################################          ] ETA:   0:00:43   8.2 MiB/s
 79% [##################################          ] ETA:   0:00:43   8.2 MiB/s
 79% [##################################          ] ETA:   0:00:43   8.1 MiB/s
 79% [##################################          ] ETA:   0:00:43   8.1 MiB/s
 79% [##################################          ] ETA:   0:00:42   8.1 MiB/s
 79% [##################################          ] ETA:   0:00:42   8.1 MiB/s
 79% [##################################          ] ETA:   0:00:42   8.1 MiB/s
 79% [###################################         ] ETA:   0:00:42   8.1 MiB/s
 79% [###################################         ] ETA:   0:00:43   8.0 MiB/s
 79% [###################################         ] ETA:   0:00:42   8.0 MiB/s
 79% [###################################         ] ETA:   0:00:42   8.0 MiB/s
 79% [###################################         ] ETA:   0:00:42   8.0 MiB/s
 79% [###################################         ] ETA:   0:00:42   7.9 MiB/s
 80% [###################################         ] ETA:   0:00:42   7.9 MiB/s
 80% [###################################         ] ETA:   0:00:42   7.9 MiB/s
 80% [###################################         ] ETA:   0:00:42   7.8 MiB/s
 80% [###################################         ] ETA:   0:00:42   7.8 MiB/s
 80% [###################################         ] ETA:   0:00:42   7.8 MiB/s
 80% [###################################         ] ETA:   0:00:42   7.8 MiB/s
 80% [###################################         ] ETA:   0:00:42   7.7 MiB/s
 80% [###################################         ] ETA:   0:00:42   7.7 MiB/s
 80% [###################################         ] ETA:   0:00:42   7.7 MiB/s
 80% [###################################         ] ETA:   0:00:42   7.7 MiB/s
 80% [###################################         ] ETA:   0:00:42   7.7 MiB/s
 80% [###################################         ] ETA:   0:00:42   7.7 MiB/s
 80% [###################################         ] ETA:   0:00:42   7.7 MiB/s
 80% [###################################         ] ETA:   0:00:42   7.6 MiB/s
 80% [###################################         ] ETA:   0:00:42   7.6 MiB/s
 81% [###################################         ] ETA:   0:00:42   7.6 MiB/s
 81% [###################################         ] ETA:   0:00:42   7.6 MiB/s
 81% [###################################         ] ETA:   0:00:42   7.6 MiB/s
 81% [###################################         ] ETA:   0:00:42   7.6 MiB/s
 81% [###################################         ] ETA:   0:00:41   7.6 MiB/s
 81% [###################################         ] ETA:   0:00:41   7.5 MiB/s
 81% [###################################         ] ETA:   0:00:41   7.5 MiB/s
 81% [###################################         ] ETA:   0:00:41   7.5 MiB/s
 81% [###################################         ] ETA:   0:00:41   7.5 MiB/s
 81% [###################################         ] ETA:   0:00:41   7.5 MiB/s
 81% [####################################        ] ETA:   0:00:41   7.4 MiB/s
 81% [####################################        ] ETA:   0:00:41   7.4 MiB/s
 81% [####################################        ] ETA:   0:00:41   7.4 MiB/s
 82% [####################################        ] ETA:   0:00:41   7.4 MiB/s
 82% [####################################        ] ETA:   0:00:41   7.4 MiB/s
 82% [####################################        ] ETA:   0:00:41   7.4 MiB/s
 82% [####################################        ] ETA:   0:00:41   7.3 MiB/s
 82% [####################################        ] ETA:   0:00:41   7.3 MiB/s
 82% [####################################        ] ETA:   0:00:41   7.3 MiB/s
 82% [####################################        ] ETA:   0:00:41   7.3 MiB/s
 82% [####################################        ] ETA:   0:00:41   7.3 MiB/s
 82% [####################################        ] ETA:   0:00:40   7.3 MiB/s
 82% [####################################        ] ETA:   0:00:41   7.2 MiB/s
 82% [####################################        ] ETA:   0:00:40   7.2 MiB/s
 82% [####################################        ] ETA:   0:00:40   7.2 MiB/s
 82% [####################################        ] ETA:   0:00:40   7.2 MiB/s
 82% [####################################        ] ETA:   0:00:40   7.2 MiB/s
 82% [####################################        ] ETA:   0:00:40   7.2 MiB/s
 82% [####################################        ] ETA:   0:00:40   7.1 MiB/s
 83% [####################################        ] ETA:   0:00:40   7.1 MiB/s
 83% [####################################        ] ETA:   0:00:40   7.1 MiB/s
 83% [####################################        ] ETA:   0:00:40   7.1 MiB/s
 83% [####################################        ] ETA:   0:00:39   7.1 MiB/s
 83% [####################################        ] ETA:   0:00:39   7.1 MiB/s
 83% [####################################        ] ETA:   0:00:39   7.0 MiB/s
 83% [####################################        ] ETA:   0:00:39   7.0 MiB/s
 83% [####################################        ] ETA:   0:00:39   7.0 MiB/s
 83% [####################################        ] ETA:   0:00:39   7.0 MiB/s
 83% [####################################        ] ETA:   0:00:39   7.0 MiB/s
 83% [####################################        ] ETA:   0:00:39   7.0 MiB/s
 83% [####################################        ] ETA:   0:00:39   7.0 MiB/s
 84% [####################################        ] ETA:   0:00:39   6.9 MiB/s
 84% [#####################################       ] ETA:   0:00:38   6.9 MiB/s
 84% [#####################################       ] ETA:   0:00:38   6.9 MiB/s
 84% [#####################################       ] ETA:   0:00:38   6.9 MiB/s
 84% [#####################################       ] ETA:   0:00:38   6.9 MiB/s
 84% [#####################################       ] ETA:   0:00:38   6.9 MiB/s
 84% [#####################################       ] ETA:   0:00:38   6.8 MiB/s
 84% [#####################################       ] ETA:   0:00:38   6.8 MiB/s
 84% [#####################################       ] ETA:   0:00:38   6.8 MiB/s
 84% [#####################################       ] ETA:   0:00:38   6.8 MiB/s
 84% [#####################################       ] ETA:   0:00:38   6.7 MiB/s
 84% [#####################################       ] ETA:   0:00:38   6.7 MiB/s
 84% [#####################################       ] ETA:   0:00:38   6.7 MiB/s
 84% [#####################################       ] ETA:   0:00:38   6.7 MiB/s
 85% [#####################################       ] ETA:   0:00:38   6.7 MiB/s
 85% [#####################################       ] ETA:   0:00:37   6.7 MiB/s
 85% [#####################################       ] ETA:   0:00:37   6.6 MiB/s
 85% [#####################################       ] ETA:   0:00:37   6.6 MiB/s
 85% [#####################################       ] ETA:   0:00:37   6.6 MiB/s
 85% [#####################################       ] ETA:   0:00:37   6.6 MiB/s
 85% [#####################################       ] ETA:   0:00:37   6.6 MiB/s
 85% [#####################################       ] ETA:   0:00:37   6.6 MiB/s
 85% [#####################################       ] ETA:   0:00:37   6.6 MiB/s
 85% [#####################################       ] ETA:   0:00:37   6.5 MiB/s
 85% [#####################################       ] ETA:   0:00:36   6.5 MiB/s
 85% [#####################################       ] ETA:   0:00:36   6.5 MiB/s
 85% [#####################################       ] ETA:   0:00:36   6.5 MiB/s
 85% [#####################################       ] ETA:   0:00:36   6.5 MiB/s
 85% [#####################################       ] ETA:   0:00:36   6.5 MiB/s
 86% [#####################################       ] ETA:   0:00:36   6.5 MiB/s
 86% [#####################################       ] ETA:   0:00:36   6.5 MiB/s
 86% [#####################################       ] ETA:   0:00:36   6.5 MiB/s
 86% [#####################################       ] ETA:   0:00:36   6.5 MiB/s
 86% [#####################################       ] ETA:   0:00:36   6.4 MiB/s
 86% [#####################################       ] ETA:   0:00:36   6.4 MiB/s
 86% [######################################      ] ETA:   0:00:35   6.4 MiB/s
 86% [######################################      ] ETA:   0:00:35   6.4 MiB/s
 86% [######################################      ] ETA:   0:00:35   6.4 MiB/s
 86% [######################################      ] ETA:   0:00:35   6.4 MiB/s
 86% [######################################      ] ETA:   0:00:35   6.4 MiB/s
 86% [######################################      ] ETA:   0:00:35   6.4 MiB/s
 86% [######################################      ] ETA:   0:00:35   6.3 MiB/s
 86% [######################################      ] ETA:   0:00:34   6.3 MiB/s
 87% [######################################      ] ETA:   0:00:34   6.3 MiB/s
 87% [######################################      ] ETA:   0:00:34   6.3 MiB/s
 87% [######################################      ] ETA:   0:00:34   6.3 MiB/s
 87% [######################################      ] ETA:   0:00:34   6.3 MiB/s
 87% [######################################      ] ETA:   0:00:34   6.3 MiB/s
 87% [######################################      ] ETA:   0:00:34   6.3 MiB/s
 87% [######################################      ] ETA:   0:00:34   6.3 MiB/s
 87% [######################################      ] ETA:   0:00:33   6.3 MiB/s
 87% [######################################      ] ETA:   0:00:33   6.3 MiB/s
 87% [######################################      ] ETA:   0:00:33   6.2 MiB/s
 87% [######################################      ] ETA:   0:00:33   6.2 MiB/s
 87% [######################################      ] ETA:   0:00:33   6.2 MiB/s
 87% [######################################      ] ETA:   0:00:33   6.2 MiB/s
 87% [######################################      ] ETA:   0:00:33   6.2 MiB/s
 87% [######################################      ] ETA:   0:00:33   6.2 MiB/s
 88% [######################################      ] ETA:   0:00:32   6.2 MiB/s
 88% [######################################      ] ETA:   0:00:32   6.2 MiB/s
 88% [######################################      ] ETA:   0:00:32   6.2 MiB/s
 88% [######################################      ] ETA:   0:00:32   6.2 MiB/s
 88% [######################################      ] ETA:   0:00:32   6.2 MiB/s
 88% [######################################      ] ETA:   0:00:32   6.1 MiB/s
 88% [######################################      ] ETA:   0:00:32   6.1 MiB/s
 88% [######################################      ] ETA:   0:00:31   6.1 MiB/s
 88% [######################################      ] ETA:   0:00:31   6.1 MiB/s
 88% [######################################      ] ETA:   0:00:31   6.1 MiB/s
 88% [######################################      ] ETA:   0:00:31   6.1 MiB/s
 88% [#######################################     ] ETA:   0:00:31   6.1 MiB/s
 88% [#######################################     ] ETA:   0:00:31   6.1 MiB/s
 88% [#######################################     ] ETA:   0:00:31   6.1 MiB/s
 88% [#######################################     ] ETA:   0:00:31   6.0 MiB/s
 88% [#######################################     ] ETA:   0:00:31   6.0 MiB/s
 88% [#######################################     ] ETA:   0:00:30   6.0 MiB/s
 89% [#######################################     ] ETA:   0:00:30   6.0 MiB/s
 89% [#######################################     ] ETA:   0:00:30   6.0 MiB/s
 89% [#######################################     ] ETA:   0:00:30   6.0 MiB/s
 89% [#######################################     ] ETA:   0:00:30   6.0 MiB/s
 89% [#######################################     ] ETA:   0:00:30   6.0 MiB/s
 89% [#######################################     ] ETA:   0:00:30   6.0 MiB/s
 89% [#######################################     ] ETA:   0:00:30   6.0 MiB/s
 89% [#######################################     ] ETA:   0:00:30   6.0 MiB/s
 89% [#######################################     ] ETA:   0:00:29   5.9 MiB/s
 89% [#######################################     ] ETA:   0:00:29   5.9 MiB/s
 89% [#######################################     ] ETA:   0:00:29   5.9 MiB/s
 89% [#######################################     ] ETA:   0:00:29   5.9 MiB/s
 89% [#######################################     ] ETA:   0:00:29   5.9 MiB/s
 89% [#######################################     ] ETA:   0:00:29   5.9 MiB/s
 89% [#######################################     ] ETA:   0:00:28   5.9 MiB/s
 89% [#######################################     ] ETA:   0:00:28   5.9 MiB/s
 90% [#######################################     ] ETA:   0:00:28   5.9 MiB/s
 90% [#######################################     ] ETA:   0:00:28   5.9 MiB/s
 90% [#######################################     ] ETA:   0:00:28   5.9 MiB/s
 90% [#######################################     ] ETA:   0:00:28   5.8 MiB/s
 90% [#######################################     ] ETA:   0:00:28   5.8 MiB/s
 90% [#######################################     ] ETA:   0:00:27   5.8 MiB/s
 90% [#######################################     ] ETA:   0:00:27   5.8 MiB/s
 90% [#######################################     ] ETA:   0:00:27   5.8 MiB/s
 90% [#######################################     ] ETA:   0:00:27   5.8 MiB/s
 90% [#######################################     ] ETA:   0:00:27   5.8 MiB/s
 90% [#######################################     ] ETA:   0:00:27   5.8 MiB/s
 90% [#######################################     ] ETA:   0:00:26   5.8 MiB/s
 90% [#######################################     ] ETA:   0:00:26   5.8 MiB/s
 90% [########################################    ] ETA:   0:00:26   5.8 MiB/s
 90% [########################################    ] ETA:   0:00:26   5.8 MiB/s
 91% [########################################    ] ETA:   0:00:26   5.7 MiB/s
 91% [########################################    ] ETA:   0:00:26   5.7 MiB/s
 91% [########################################    ] ETA:   0:00:26   5.7 MiB/s
 91% [########################################    ] ETA:   0:00:26   5.7 MiB/s
 91% [########################################    ] ETA:   0:00:25   5.7 MiB/s
 91% [########################################    ] ETA:   0:00:25   5.7 MiB/s
 91% [########################################    ] ETA:   0:00:25   5.7 MiB/s
 91% [########################################    ] ETA:   0:00:25   5.7 MiB/s
 91% [########################################    ] ETA:   0:00:25   5.7 MiB/s
 91% [########################################    ] ETA:   0:00:24   5.7 MiB/s
 91% [########################################    ] ETA:   0:00:24   5.7 MiB/s
 91% [########################################    ] ETA:   0:00:24   5.7 MiB/s
 91% [########################################    ] ETA:   0:00:24   5.6 MiB/s
 91% [########################################    ] ETA:   0:00:24   5.6 MiB/s
 92% [########################################    ] ETA:   0:00:23   5.6 MiB/s
 92% [########################################    ] ETA:   0:00:23   5.6 MiB/s
 92% [########################################    ] ETA:   0:00:23   5.6 MiB/s
 92% [########################################    ] ETA:   0:00:23   5.6 MiB/s
 92% [########################################    ] ETA:   0:00:23   5.6 MiB/s
 92% [########################################    ] ETA:   0:00:23   5.6 MiB/s
 92% [########################################    ] ETA:   0:00:22   5.6 MiB/s
 92% [########################################    ] ETA:   0:00:22   5.6 MiB/s
 92% [########################################    ] ETA:   0:00:22   5.6 MiB/s
 92% [########################################    ] ETA:   0:00:22   5.5 MiB/s
 92% [########################################    ] ETA:   0:00:22   5.5 MiB/s
 92% [########################################    ] ETA:   0:00:22   5.5 MiB/s
 92% [########################################    ] ETA:   0:00:21   5.5 MiB/s
 92% [########################################    ] ETA:   0:00:21   5.5 MiB/s
 92% [########################################    ] ETA:   0:00:21   5.5 MiB/s
 93% [########################################    ] ETA:   0:00:21   5.5 MiB/s
 93% [########################################    ] ETA:   0:00:21   5.5 MiB/s
 93% [#########################################   ] ETA:   0:00:21   5.5 MiB/s
 93% [#########################################   ] ETA:   0:00:20   5.5 MiB/s
 93% [#########################################   ] ETA:   0:00:20   5.5 MiB/s
 93% [#########################################   ] ETA:   0:00:20   5.4 MiB/s
 93% [#########################################   ] ETA:   0:00:20   5.4 MiB/s
 93% [#########################################   ] ETA:   0:00:20   5.4 MiB/s
 93% [#########################################   ] ETA:   0:00:20   5.4 MiB/s
 93% [#########################################   ] ETA:   0:00:19   5.4 MiB/s
 93% [#########################################   ] ETA:   0:00:19   5.4 MiB/s
 93% [#########################################   ] ETA:   0:00:19   5.4 MiB/s
 93% [#########################################   ] ETA:   0:00:19   5.4 MiB/s
 93% [#########################################   ] ETA:   0:00:19   5.4 MiB/s
 93% [#########################################   ] ETA:   0:00:19   5.4 MiB/s
 94% [#########################################   ] ETA:   0:00:18   5.4 MiB/s
 94% [#########################################   ] ETA:   0:00:18   5.4 MiB/s
 94% [#########################################   ] ETA:   0:00:18   5.4 MiB/s
 94% [#########################################   ] ETA:   0:00:18   5.3 MiB/s
 94% [#########################################   ] ETA:   0:00:18   5.3 MiB/s
 94% [#########################################   ] ETA:   0:00:17   5.3 MiB/s
 94% [#########################################   ] ETA:   0:00:17   5.3 MiB/s
 94% [#########################################   ] ETA:   0:00:17   5.3 MiB/s
 94% [#########################################   ] ETA:   0:00:17   5.3 MiB/s
 94% [#########################################   ] ETA:   0:00:17   5.3 MiB/s
 94% [#########################################   ] ETA:   0:00:16   5.3 MiB/s
 94% [#########################################   ] ETA:   0:00:16   5.3 MiB/s
 94% [#########################################   ] ETA:   0:00:16   5.3 MiB/s
 94% [#########################################   ] ETA:   0:00:16   5.3 MiB/s
 94% [#########################################   ] ETA:   0:00:16   5.3 MiB/s
 94% [#########################################   ] ETA:   0:00:16   5.3 MiB/s
 95% [#########################################   ] ETA:   0:00:15   5.3 MiB/s
 95% [#########################################   ] ETA:   0:00:15   5.3 MiB/s
 95% [#########################################   ] ETA:   0:00:15   5.3 MiB/s
 95% [#########################################   ] ETA:   0:00:15   5.3 MiB/s
 95% [#########################################   ] ETA:   0:00:15   5.3 MiB/s
 95% [#########################################   ] ETA:   0:00:15   5.3 MiB/s
 95% [#########################################   ] ETA:   0:00:14   5.2 MiB/s
 95% [#########################################   ] ETA:   0:00:14   5.2 MiB/s
 95% [##########################################  ] ETA:   0:00:14   5.2 MiB/s
 95% [##########################################  ] ETA:   0:00:14   5.2 MiB/s
 95% [##########################################  ] ETA:   0:00:14   5.2 MiB/s
 95% [##########################################  ] ETA:   0:00:14   5.2 MiB/s
 95% [##########################################  ] ETA:   0:00:13   5.2 MiB/s
 95% [##########################################  ] ETA:   0:00:13   5.2 MiB/s
 95% [##########################################  ] ETA:   0:00:13   5.2 MiB/s
 95% [##########################################  ] ETA:   0:00:13   5.2 MiB/s
 95% [##########################################  ] ETA:   0:00:13   5.2 MiB/s
 96% [##########################################  ] ETA:   0:00:13   5.2 MiB/s
 96% [##########################################  ] ETA:   0:00:12   5.2 MiB/s
 96% [##########################################  ] ETA:   0:00:12   5.2 MiB/s
 96% [##########################################  ] ETA:   0:00:12   5.2 MiB/s
 96% [##########################################  ] ETA:   0:00:12   5.2 MiB/s
 96% [##########################################  ] ETA:   0:00:12   5.1 MiB/s
 96% [##########################################  ] ETA:   0:00:11   5.1 MiB/s
 96% [##########################################  ] ETA:   0:00:11   5.1 MiB/s
 96% [##########################################  ] ETA:   0:00:11   5.1 MiB/s
 96% [##########################################  ] ETA:   0:00:11   5.1 MiB/s
 96% [##########################################  ] ETA:   0:00:11   5.1 MiB/s
 96% [##########################################  ] ETA:   0:00:11   5.1 MiB/s
 96% [##########################################  ] ETA:   0:00:10   5.1 MiB/s
 96% [##########################################  ] ETA:   0:00:10   5.1 MiB/s
 96% [##########################################  ] ETA:   0:00:10   5.1 MiB/s
 97% [##########################################  ] ETA:   0:00:09   5.1 MiB/s
 97% [##########################################  ] ETA:   0:00:09   5.0 MiB/s
 97% [##########################################  ] ETA:   0:00:09   5.1 MiB/s
 97% [##########################################  ] ETA:   0:00:09   5.0 MiB/s
 97% [##########################################  ] ETA:   0:00:09   5.0 MiB/s
 97% [##########################################  ] ETA:   0:00:09   5.0 MiB/s
 97% [##########################################  ] ETA:   0:00:08   5.0 MiB/s
 97% [##########################################  ] ETA:   0:00:08   5.0 MiB/s
 97% [##########################################  ] ETA:   0:00:08   5.0 MiB/s
 97% [##########################################  ] ETA:   0:00:08   5.0 MiB/s
 97% [########################################### ] ETA:   0:00:07   4.9 MiB/s
 97% [########################################### ] ETA:   0:00:07   4.9 MiB/s
 97% [########################################### ] ETA:   0:00:07   4.9 MiB/s
 97% [########################################### ] ETA:   0:00:07   4.9 MiB/s
 98% [########################################### ] ETA:   0:00:06   4.9 MiB/s
 98% [########################################### ] ETA:   0:00:06   4.9 MiB/s
 98% [########################################### ] ETA:   0:00:06   4.9 MiB/s
 98% [########################################### ] ETA:   0:00:06   4.9 MiB/s
 98% [########################################### ] ETA:   0:00:05   4.9 MiB/s
 98% [########################################### ] ETA:   0:00:05   4.8 MiB/s
 98% [########################################### ] ETA:   0:00:05   4.8 MiB/s
 98% [########################################### ] ETA:   0:00:05   4.8 MiB/s
 98% [########################################### ] ETA:   0:00:04   4.8 MiB/s
 98% [########################################### ] ETA:   0:00:04   4.8 MiB/s
 98% [########################################### ] ETA:   0:00:04   4.8 MiB/s
 98% [########################################### ] ETA:   0:00:04   4.8 MiB/s
 98% [########################################### ] ETA:   0:00:04   4.8 MiB/s
100% [############################################] Time:  0:06:27   4.4 MiB/s
Successfully downloaded: 40

[VERIFY] OK=40 MISSING=0 EMPTY=0
[VERIFY] Report: outputs\brca_subtyping\logs\gdc_download\download_verify_20260125_202602.csv
